[debug] [2018-01-09T03:31:53.967Z] ----------------------------------------------------------------------
[debug] [2018-01-09T03:31:53.969Z] Command:       C:\Program Files\nodejs\node.exe C:\Users\HP\AppData\Roaming\npm\node_modules\firebase-tools\bin\firebase serve
[debug] [2018-01-09T03:31:53.970Z] CLI Version:   3.16.0
[debug] [2018-01-09T03:31:53.970Z] Platform:      win32
[debug] [2018-01-09T03:31:53.970Z] Node Version:  v9.3.0
[debug] [2018-01-09T03:31:53.970Z] Time:          Mon Jan 08 2018 22:31:53 GMT-0500 (Hora est. Pacífico, Sudamérica)
[debug] [2018-01-09T03:31:53.970Z] ----------------------------------------------------------------------
[debug] 
[debug] [2018-01-09T03:31:53.982Z] > command requires scopes: ["email","openid","https://www.googleapis.com/auth/cloudplatformprojects.readonly","https://www.googleapis.com/auth/firebase","https://www.googleapis.com/auth/cloud-platform"]
[debug] [2018-01-09T03:31:53.983Z] > authorizing via signed-in user
[debug] [2018-01-09T03:31:53.985Z] > refreshing access token with scopes: ["email","https://www.googleapis.com/auth/cloud-platform","https://www.googleapis.com/auth/cloudplatformprojects.readonly","https://www.googleapis.com/auth/firebase","openid"]
[debug] [2018-01-09T03:31:53.985Z] >>> HTTP REQUEST POST https://www.googleapis.com/oauth2/v3/token  
 { refresh_token: '1/iyyxLbsfjofEPpcTzqfjL2UzdmM5ybVSTzoFrQ7EcjoDtWGe9nxq_QmDUC8D1d2D',
  client_id: '563584335869-fgrhgmd47bqnekij5i8b5pr03ho849e6.apps.googleusercontent.com',
  client_secret: 'j9iVZfS8kkCEFUPaAeJV0sAi',
  grant_type: 'refresh_token',
  scope: 'email https://www.googleapis.com/auth/cloud-platform https://www.googleapis.com/auth/cloudplatformprojects.readonly https://www.googleapis.com/auth/firebase openid' } 
 Mon Jan 08 2018 22:31:53 GMT-0500 (Hora est. Pacífico, Sudamérica)
[debug] [2018-01-09T03:31:54.906Z] <<< HTTP RESPONSE 200
[debug] [2018-01-09T03:31:54.979Z] >>> HTTP REQUEST GET https://admin.firebase.com/v1/projects/dancespace2-6e1cc  
  
 Mon Jan 08 2018 22:31:54 GMT-0500 (Hora est. Pacífico, Sudamérica)
[debug] [2018-01-09T03:31:57.148Z] <<< HTTP RESPONSE 200
[debug] [2018-01-09T03:31:57.150Z] >>> HTTP REQUEST GET https://admin.firebase.com/v1/database/dancespace2-6e1cc/tokens  
  
 Mon Jan 08 2018 22:31:57 GMT-0500 (Hora est. Pacífico, Sudamérica)
[debug] [2018-01-09T03:31:58.553Z] <<< HTTP RESPONSE 200
[info] 
[info] === Serving from 'C:\Users\HP\Desktop\dancespace\dancespace'...
[info] 
[debug] [2018-01-09T03:31:58.562Z] >>> HTTP REQUEST GET https://cloudresourcemanager.googleapis.com/v1/projects/dancespace2-6e1cc  
  
 Mon Jan 08 2018 22:31:58 GMT-0500 (Hora est. Pacífico, Sudamérica)
[debug] [2018-01-09T03:32:00.058Z] <<< HTTP RESPONSE 200
[debug] [2018-01-09T03:32:00.060Z] >>> HTTP REQUEST GET https://mobilesdk-pa.googleapis.com/v1/projects/675415849876/clients/_:getWebAppConfig  
  
 Mon Jan 08 2018 22:32:00 GMT-0500 (Hora est. Pacífico, Sudamérica)
[debug] [2018-01-09T03:32:01.160Z] <<< HTTP RESPONSE 200
[info] i  hosting: Serving hosting files from: public
[info] +  hosting: Local server: http://localhost:5000

[debug] [2018-01-09T03:35:21.704Z] Error: socket hang up
    at TLSSocket.onConnectEnd (_tls_wrap.js:1079:19)
    at Object.onceWrapper (events.js:254:19)
    at TLSSocket.emit (events.js:164:20)
    at endReadableNT (_stream_readable.js:1062:12)
    at process._tickCallback (internal/process/next_tick.js:152:19)
[error] 
[error] Error: An unexpected error has occurred.
